Unity Player [version: Unity 5.6.1f1_2860b30f0b54]

Prototype.exe caused an Access Violation (0xc0000005)
  in module Prototype.exe at 0023:012b5dd8.

Error occurred at 2017-09-10_183636.
D:\Users\Matthew\Documents\GitHub\Cradle\RPG Proto\Builds\Prototype.exe, run by Matthew.
41% memory in use.
0 MB physical memory [0 MB free].
0 MB paging file [0 MB free].
0 MB user address space [3646 MB free].
Read from location 000001db caused an access violation.

Context:
EDI:    0x00000000  ESI: 0x00000000  EAX:   0x00000000
EBX:    0x048ff180  ECX: 0x048ff180  EDX:   0x01e98870
EIP:    0x012b5dd8  EBP: 0x0099eec4  SegCs: 0x00000023
EFlags: 0x00210202  ESP: 0x0099eea8  SegSs: 0x0000002b

Bytes at CS:EIP:
80 b8 db 01 00 00 00 5f 5e 74 0d 8b 03 8b 90 14 

Stack:
0x0099eea8: 0664f8c0 048ff180 04290194 012b358f ..d.......)..5+.
0x0099eeb8: 04290084 048ff180 04290194 0099eee0 ..).......).....
0x0099eec8: 01841abf 04290194 00000010 00000000 ......).........
0x0099eed8: 04290084 00290084 0099eef8 01843f23 ..)...).....#?..
0x0099eee8: 00000001 04290050 0109b67c 00000000 ....P.).|.......
0x0099eef8: 0099ef08 0138f4c2 00000001 0171caf7 ......8.......q.
0x0099ef08: 0099ef14 01098bd3 00000000 0099ef58 ............X...
0x0099ef18: 010a42f6 00000000 010a3f60 00000000 .B......`?......
0x0099ef28: 00000000 00000000 00000000 00000000 ................
0x0099ef38: 00000000 77c7a043 00000000 00000000 ....C..w........
0x0099ef48: 00000000 00000000 00000000 00000000 ................
0x0099ef58: 0099ef84 74d92b5b 009a0acc 00000010 ....[+.t........
0x0099ef68: 00000000 00000000 00000000 dcbaabcd ................
0x0099ef78: 00000000 010a3f60 00000000 0099f06c ....`?......l...
0x0099ef88: 74d850f3 010a3f60 009a0acc 00000010 .P.t`?..........
0x0099ef98: 00000000 00000000 e9c0c328 010a3f60 ........(...`?..
0x0099efa8: 009a0acc 00000010 00000000 00000000 ................
0x0099efb8: 00000000 00000000 00000000 00000000 ................
0x0099efc8: 00000000 00000000 00000000 00000000 ................
0x0099efd8: 00000000 00000000 00000000 00000000 ................
0x0099efe8: 00000024 00000001 00000000 00000000 $...............
0x0099eff8: 00000030 ffffffff ffffffff 74d84f84 0............O.t
0x0099f008: 00000000 00000000 00000000 00000000 ................
0x0099f018: 00000000 00000000 010a3f60 00000000 ........`?......
0x0099f028: 024509f8 00000000 80000012 00000000 ..E.............
0x0099f038: 010a3f60 00000000 00000000 80000012 `?..............
0x0099f048: 00000001 009a0acc e9c0c328 00000000 ........(.......
0x0099f058: 0099e4b0 0099f1ec 74d946d0 9d8704ac .........F.t....
0x0099f068: 00000000 0099f0a8 74d7aeb7 010a3f60 ...........t`?..
0x0099f078: 00000000 00000010 00000000 00000000 ................
0x0099f088: 00000000 00000000 00000000 00f02170 ............p!..
0x0099f098: 010a3f60 009a0acc 00000000 e9c0c3ec `?..............
0x0099f0a8: 0099f0e8 5ba3c3c3 010a3f60 009a0acc .......[`?......
0x0099f0b8: 00000010 00000000 00000000 5ba3c190 ...............[
0x0099f0c8: 00000000 00000000 0000f060 00000000 ........`.......
0x0099f0d8: 5497b270 010a3f60 5498d91e 00000000 p..T`?.....T....
0x0099f0e8: 0099f114 74d92b5b 009a0acc 00000010 ....[+.t........
0x0099f0f8: 00000000 00000000 00000000 dcbaabcd ................
0x0099f108: 00000000 5ba3c190 00000000 0099f1fc .......[........
0x0099f118: 74d850f3 5ba3c190 009a0acc 00000010 .P.t...[........
0x0099f128: 00000000 00000000 e9c0c2b8 c0000388 ................
0x0099f138: 40000000 00000010 0099f128 77c7a043 ...@....(...C..w
0x0099f148: 0099f190 74d946d0 9d87096c 77cb1d4c .....F.tl...L..w
0x0099f158: 74d8ea0b 0099f168 00000018 00000000 ...th...........
0x0099f168: 00000000 00000000 00000004 0099f4d4 ................
0x0099f178: 00000024 00000001 00000000 00000000 $...............
0x0099f188: 00000030 ffffffff ffffffff 74d84f84 0............O.t
0x0099f198: 00000000 00000000 00000000 00000000 ................
0x0099f1a8: 00000000 00000000 5ba3c190 00000000 ...........[....
0x0099f1b8: 024509f8 00000000 80000012 00000000 ..E.............
0x0099f1c8: 5ba3c190 00000000 00000000 80000012 ...[............
0x0099f1d8: 00000001 009a0acc e9c0c2b8 00000000 ................
0x0099f1e8: 0099e4b0 0099f250 74d946d0 9d8704ac ....P....F.t....
0x0099f1f8: 00000000 0099f260 74d84d4a 5ba3c190 ....`...JM.t...[
0x0099f208: 00000000 00000010 00000000 00000000 ................
0x0099f218: 00a24000 00000001 e9c0c124 0000f060 .@......$...`...
0x0099f228: 77cc58b0 026c0c40 74ddf968 00040000 .X.w@.l.h..t....
0x0099f238: 00000000 00000000 009a0acc 00000000 ................
0x0099f248: 0099f220 0099e4b0 0099f2b0 74d946d0  ............F.t
0x0099f258: 9d87048c fffffffe 0099f2a0 74d8ec69 ............i..t
0x0099f268: 026c0c40 00000000 00000010 00000000 @.l.............
0x0099f278: 00000000 5ba3c190 74d94100 00000000 .......[.A.t....
0x0099f288: 00000000 00000000 00000000 00000000 ................
0x0099f298: 00000000 e9c0c1e4 0099f36c 77cb411d ........l....A.w
0x0099f2a8: 0099f2bc 00000020 0099f538 77cb4050 .... ...8...P@.w
0x0099f2b8: 0099f2e0 026c0c40 00000000 00000010 ....@.l.........
0x0099f2c8: 00000000 00000000 5ba3c190 77cc58b0 ...........[.X.w
0x0099f2d8: 00000050 764c296c 74d8607e 009a0acc P...l)Lv~`.t....
0x0099f2e8: 00000112 0000f060 00000000 00000000 ....`...........
0x0099f2f8: 0000029e 00000000 0099f3fc 026c0c40 ............@.l.
0x0099f308: 03d50818 0000f060 009a0acc 00000000 ....`...........
0x0099f318: 00000000 74d8526c 009a0acc 16a994e5 ....lR.t........
0x0099f328: 00000000 00000000 026c0c40 74d85119 ........@.l..Q.t
0x0099f338: e9c0c740 c0000388 0099f370 74d83a46 @.......p...F:.t
0x0099f348: 026c0c40 00000000 00000000 026c0c40 @.l.........@.l.
0x0099f358: 74d83a53 03da01f0 042d8100 e9c0c048 S:.t......-.H...
0x0099f368: 0000001d 0099f388 74d85a7b 026c0c40 ........{Z.t@.l.
0x0099f378: 00000000 00000000 00000000 74d85a20 ............ Z.t
0x0099f388: 0099f3a8 744a30f3 009a0acc 00000112 .....0Jt........
0x0099f398: 0000f060 00000000 744a2e90 675ec733 `.........Jt3.^g
0x0099f3a8: 0099f3b8 744a2ec5 00000112 675ec723 ......Jt....#.^g
0x0099f3b8: 0099f4d0 744b71c3 03d50818 0099f3fc .....qKt........
0x0099f3c8: 00000001 744b5ec0 00000112 009a0acc .....^Kt........
0x0099f3d8: 00000000 03d50818 0000117c 00000000 ........|.......
0x0099f3e8: 00000000 03d505e0 74d85a20 00000000 ........ Z.t....
0x0099f3f8: 00000000 009a0acc 00000112 0000f060 ............`...
0x0099f408: 00000000 00000004 000004b0 74d85a20 ............ Z.t
0x0099f418: 00000000 00000001 00a24000 00000001 .........@......
0x0099f428: e9c0c72c 00000000 77cc58b0 00000006 ,........X.w....
0x0099f438: 74ddf968 ffffffff 00000000 00000000 h..t............
0x0099f448: 009a0acc 00000000 0099f428 764c296c ........(...l)Lv
0x0099f458: 74d8607e 009a0acc 00000006 00200001 ~`.t.......... .
0x0099f468: 00000000 00000000 0000029e 00000000 ................
0x0099f478: 00000001 026c0c40 74d8608c 00200001 ....@.l..`.t.. .
0x0099f488: 009a0acc 00000000 00000000 00000028 ............(...
0x0099f498: 03d6bed0 0089c520 00000000 e9c0c7ec .... ...........
0x0099f4a8: 026c0c40 764c683c 74f733f8 00461c39 @.l.<hLv.3.t9.F.
0x0099f4b8: 00000000 00461c39 009a0acc 009a0acc ....9.F.........
0x0099f4c8: 009a0acc 675ec74f 0099f4e4 744b5ed8 ....O.^g.....^Kt
0x0099f4d8: 0000f060 00000000 00000001 0099f548 `...........H...
0x0099f4e8: 74d85e4b 009a0acc 00000112 0000f060 K^.t........`...
0x0099f4f8: 00000000 e9c0c60c 00000000 009a0acc ................
0x0099f508: 00000112 00000000 00000000 00000001 ................
0x0099f518: 00000000 00000000 00000000 00000000 ................
0x0099f528: 01836821 e9c0c60c 010a4514 00000112 !h.......E......
0x0099f538: 0099f69c 74d946d0 9d870b0c 00000000 .....F.t........
0x0099f548: 0099f598 010a4564 009a0acc 00000112 ....dE..........
0x0099f558: 0000f060 00000000 010a3f60 00000000 `.......`?......
0x0099f568: 0000f060 00000000 0099f69c 74d946d0 `............F.t
0x0099f578: 00000000 77c7a043 0099f598 01836bfe ....C..w.....k..
0x0099f588: 005b0606 0000001c 00000001 00003ae4 ..[..........:..
0x0099f598: 0099f5c4 74d92b5b 009a0acc 00000000 ....[+.t........
0x0099f5a8: 0000f060 00000000 00000000 dcbaabcd `...............
0x0099f5b8: 0000f060 010a3f60 00000000 0099f6ac `...`?..........
0x0099f5c8: 74d850f3 010a3f60 009a0acc 00000112 .P.t`?..........
0x0099f5d8: 0000f060 00000000 e9c0c5e8 010a3f60 `...........`?..
0x0099f5e8: 009a0acc 00000112 74d85f82 00000001 ........._.t....
0x0099f5f8: 00bd08ac 00000000 00003ae4 00000000 .........:......
0x0099f608: 001121e2 00000024 00000001 026d0820 .!..$....... .m.
0x0099f618: 026ac7b0 00000001 001121e2 00000000 ..j......!......
0x0099f628: 00000024 00000001 00000000 00000000 $...............
0x0099f638: 00000030 ffffffff ffffffff 74d84f84 0............O.t
0x0099f648: 00000000 00000000 00000000 00000000 ................
0x0099f658: 00000000 00000000 010a3f60 00000000 ........`?......
0x0099f668: 024509f8 00000000 80000012 00000000 ..E.............
0x0099f678: 010a3f60 00000000 00000000 80000012 `?..............
0x0099f688: 00000001 009a0acc e9c0c5e8 001121e2 .............!..
0x0099f698: 0000001c 0099f82c 74d946d0 9d8704ac ....,....F.t....
0x0099f6a8: 00000000 0099f6e8 74d7aeb7 010a3f60 ...........t`?..
0x0099f6b8: 00000000 00000112 0000f060 00000000 ........`.......
0x0099f6c8: 00000000 00000000 00000000 00f02170 ............p!..
0x0099f6d8: 010a3f60 009a0acc 00000000 e9c0c5ac `?..............
0x0099f6e8: 0099f728 5ba3c3c3 010a3f60 009a0acc (......[`?......
0x0099f6f8: 00000112 0000f060 00000000 5ba3c190 ....`..........[
0x0099f708: 00000000 0000f060 00000112 0000f060 ....`.......`...
0x0099f718: 00000000 010a3f60 000004b0 00000000 ....`?..........
0x0099f728: 0099f754 74d92b5b 009a0acc 00000112 T...[+.t........
0x0099f738: 0000f060 00000000 00000000 dcbaabcd `...............
0x0099f748: 0000f060 5ba3c190 00000000 0099f83c `......[....<...
0x0099f758: 74d850f3 5ba3c190 009a0acc 00000112 .P.t...[........
0x0099f768: 0000f060 00000000 e9c0cb78 00000388 `.......x.......
0x0099f778: 00000000 00000112 009a0acc 0099f81c ................
0x0099f788: 77cb1f6c 774d37eb 00000530 00000000 l..w.7Mw0.......
0x0099f798: 0099f7a4 00000024 00000001 77cb1f6c ....$.......l..w
0x0099f7a8: 774d37eb 00000530 00000000 0099f7c0 .7Mw0...........
0x0099f7b8: 00000024 00000001 00000000 00000000 $...............
0x0099f7c8: 00000030 ffffffff ffffffff 74d84f84 0............O.t
0x0099f7d8: 00000000 00000000 00000000 00000000 ................
0x0099f7e8: 00000000 00000000 5ba3c190 00000000 ...........[....
0x0099f7f8: 024509f8 00000000 80000012 00000001 ..E.............
0x0099f808: 5ba3c190 00000000 00000000 80000012 ...[............
0x0099f818: 00000001 009a0acc e9c0cb78 00000000 ........x.......
0x0099f828: 00000001 0099f890 74d946d0 9d8704ac .........F.t....
0x0099f838: 00000000 0099f8a0 74d84d4a 5ba3c190 ........JM.t...[
0x0099f848: 00000000 00000112 0000f060 00000000 ........`.......
0x0099f858: 00a24000 00000001 e9c0cbe4 0099f964 .@..........d...
0x0099f868: 77cc58b0 00000004 74ddf968 00040000 .X.w....h..t....
0x0099f878: 00000001 00000000 009a0acc 00000000 ................
0x0099f888: 0099f860 00000004 0099f8f0 74d946d0 `............F.t
0x0099f898: 9d87048c fffffffe 0099f8e0 74d8ec69 ............i..t
0x0099f8a8: 026c0c40 00000000 00000112 0000f060 @.l.........`...
0x0099f8b8: 00000000 5ba3c190 00a24000 00000000 .......[.@......
0x0099f8c8: 00000000 00000000 0099f8e4 00000000 ................
0x0099f8d8: 00000000 e9c0cba4 0099f944 77cb411d ........D....A.w
0x0099f8e8: 0099f8fc 00000020 0099fb74 77cb4050 .... ...t...P@.w
0x0099f8f8: 0099f920 026c0c40 00000000 00000112  ...@.l.........
0x0099f908: 0000f060 00000000 5ba3c190 77cc58b0 `..........[.X.w
0x0099f918: 00000000 764c295c 74d7be44 0099f964 ....\)LvD..td...
0x0099f928: 00000000 00000000 00000000 74d7bdf0 ...............t
0x0099f938: 00000004 74d787a0 e9c0ca60 0099f984 .......t`.......
0x0099f948: 01098e81 0099f964 00000000 00000000 ....d...........
0x0099f958: 00000000 042a12a0 00000001 009a0acc ......*.........
0x0099f968: 000000ff 00000001 008c1d75 0cf6f35e ........u...^...
0x0099f978: 00000360 000003fe 000008fc 0099fadc `...............
0x0099f988: 010a761a 018b3d57 00000000 00a23000 .v..W=.......0..
0x0099f998: 03d83af0 00000051 01874cb1 00000016 .:..Q....L......
0x0099f9a8: 00000001 00000051 00000042 00000000 ....Q...B.......
0x0099f9b8: 00000000 03c12a88 9dca1ef5 00000000 .....*..........
0x0099f9c8: 00000001 c6d750eb 03d83df0 00000057 .....P...=..W...
0x0099f9d8: bfebfbff 000506e3 018d3a1d 00000057 .........:..W...
0x0099f9e8: 00000042 03d83b50 00000056 01c0003f B...P;..V...?...
0x0099f9f8: 0000003f 00000000 00000056 00000042 ?.......V...B...
0x0099fa08: 03d6fc60 00000048 1c004143 00c0003f `...H...CA..?...
0x0099fa18: 000003ff 00000048 00000042 02c0003f ....H...B...?...
0x0099fa28: 00001fff 00000006 03c11aa0 03c105a8 ................
0x0099fa38: 0099fa00 0099fa6c 03d6fbc0 0000004d ....l.......M...
0x0099fa48: 01fb0220 0000000f 00000000 0000004d  ...........M...
0x0099fa58: 00000042 03d6ba90 03d6bac8 03d6bac8 B...............
0x0099fa68: 0099fa01 00000000 00637465 00646567 ........etc.ged.
0x0099fa78: 01fb0220 77c956f9 00000003 00000042  ....V.w....B...
0x0099fa88: 00000000 65646968 646e6957 1600776f ....hideWindow..
0x0099fa98: 0099facc 0000000a 00000042 00000500 ........B.......
0x0099faa8: 00000000 03af22b0 00000000 00000000 ....."..........
0x0099fab8: 65726170 5748746e 0000444e 018d1ab8 parentHWND......
0x0099fac8: 0000000a 00000042 00000000 000003c0 ....B...........
0x0099fad8: 00a23001 0099faf4 01876088 01030000 .0.......`......
0x0099fae8: 00000000 00ef4622 00000001 0099fb84 ...."F..........
0x0099faf8: 018b3d04 01030000 00000000 00ef4622 .=.........."F..
0x0099fb08: 00000001 64a40477 018b3d57 018b3d57 ....w..dW=..W=..
0x0099fb18: 00a23000 00000044 00ef26fa 00ef26da .0..D....&...&..
0x0099fb28: 00ef264a 00000000 00000000 00000000 J&..............
0x0099fb38: 00000000 00000000 00000000 00000000 ................
0x0099fb48: 00000401 00000001 00000000 00000000 ................
0x0099fb58: 00010001 00000000 0099fb70 018b3d57 ........p...W=..
0x0099fb68: 00000000 0099fb0c 2c8bd03a 0099fbd0 ........:..,....
0x0099fb78: 018b5b90 663c6983 00000000 0099fb98 .[...i<f........
0x0099fb88: 77148744 00a23000 77148720 6c7bd001 D..w.0.. ..w..{l
0x0099fb98: 0099fbe0 77ca582d 00a23000 16a99dc1 ....-X.w.0......
0x0099fba8: 00000000 00000000 00a23000 00000000 .........0......
0x0099fbb8: 00000000 00000000 00000000 16a99dc1 ................
0x0099fbc8: 0099fba4 00000000 0099fbe8 77cb9fd0 ...............w
0x0099fbd8: 61e46711 00000000 0099fbf0 77ca57fd .g.a.........W.w
0x0099fbe8: ffffffff 77cc6372 00000000 00000000 ....rc.w........
0x0099fbf8: 018b3d57 00a23000 00000000 00000000 W=...0..........
0x0099fc08: 00000000 00000000 00000000 00000000 ................
0x0099fc18: 00000000 00000000 00000000 00000000 ................
0x0099fc28: 00000000 00000000 00000000 00000000 ................
0x0099fc38: 00000000 00000000 00000000 00000000 ................
0x0099fc48: 00000000 00000000 00000000 00000000 ................
0x0099fc58: 00000000 00000000 00000000 00000000 ................
0x0099fc68: 00000000 00000000 00000000 00000000 ................
0x0099fc78: 00000000 00000000 00000000 00000000 ................
0x0099fc88: 00000000 00000000 00000000 00000000 ................
0x0099fc98: 00000000 00000000 00000000 00000000 ................
0x0099fca8: 00000000 00000000 00000000 00000000 ................
0x0099fcb8: 00000000 00000000 00000000 00000000 ................
0x0099fcc8: 00000000 00000000 00000000 00000000 ................
0x0099fcd8: 00000000 00000000 00000000 00000000 ................
0x0099fce8: 00000000 00000000 00000000 00000000 ................
0x0099fcf8: 00000000 00000000 00000000 00000000 ................
0x0099fd08: 00000000 00000000 00000000 00000000 ................
0x0099fd18: 00000000 00000000 00000000 00000000 ................
0x0099fd28: 00000000 00000000 00000000 00000000 ................
0x0099fd38: 00000000 00000000 00000000 00000000 ................
0x0099fd48: 00000000 00000000 00000000 00000000 ................
0x0099fd58: 00000000 00000000 00000000 00000000 ................
0x0099fd68: 00000000 00000000 00000000 00000000 ................
0x0099fd78: 00000000 00000000 00000000 00000000 ................
0x0099fd88: 00000000 00000000 00000000 00000000 ................
0x0099fd98: 00000000 00000000 00000000 00000000 ................
0x0099fda8: 00000000 00000000 00000000 00000000 ................
0x0099fdb8: 00000000 00000000 00000000 00000000 ................
0x0099fdc8: 00000000 00000000 00000000 00000000 ................
0x0099fdd8: 00000000 00000000 00000000 00000000 ................
0x0099fde8: 00000000 00000000 00000000 00000000 ................
0x0099fdf8: 00000000 00000000 00000000 00000000 ................
0x0099fe08: 00000000 00000000 00000000 00000000 ................
0x0099fe18: 00000000 00000000 00000000 00000000 ................
0x0099fe28: 00000000 00000000 00000000 00000000 ................
0x0099fe38: 00000000 00000000 00000000 00000000 ................
0x0099fe48: 00000000 00000000 00000000 00000000 ................
0x0099fe58: 00000000 00000000 00000000 00000000 ................
0x0099fe68: 00000000 00000000 00000000 00000000 ................
0x0099fe78: 00000000 00000000 00000000 00000000 ................
0x0099fe88: 00000000 00000000 00000000 00000000 ................
0x0099fe98: 00000000 00000000 00000000 00000000 ................
0x0099fea8: 00000000 00000000 00000000 00000000 ................
0x0099feb8: 00000000 00000000 00000000 00000000 ................
0x0099fec8: 00000000 00000000 00000000 00000000 ................
0x0099fed8: 00000000 00000000 00000000 00000000 ................
0x0099fee8: 00000000 00000000 00000000 00000000 ................
0x0099fef8: 00000000 00000000 00000000 00000000 ................
0x0099ff08: 00000000 00000000 00000000 00000000 ................
0x0099ff18: 00000000 00000000 00000000 00000000 ................
0x0099ff28: 00000000 00000000 00000000 00000000 ................
0x0099ff38: 00000000 00000000 00000000 00000000 ................
0x0099ff48: 00000000 00000000 00000000 00000000 ................
0x0099ff58: 00000000 00000000 00000000 00000000 ................
0x0099ff68: 00000000 00000000 00000000 00000000 ................
0x0099ff78: 00000000 00000000 00000000 00000000 ................
0x0099ff88: 00000000 00000000 00000000 00000000 ................
0x0099ff98: 00000000 00000000 00000000 00000000 ................
0x0099ffa8: 00000000 00000000 00000000 00000000 ................
0x0099ffb8: 00000000 00000000 00000000 00000000 ................
0x0099ffc8: 00000000 00000000 00000000 00000000 ................
0x0099ffd8: 00000000 00000000 00000000 00000000 ................
0x0099ffe8: 00000000 00000000 00000000 00000000 ................
0x0099fff8: 00000000 00000000                   ........

Module 1
C:\WINDOWS\SYSTEM32\xinput1_3.dll
Image Base: 0x00400000  Image Size: 0x00016000
File Size:  81768       File Time:  2007-04-04_195342
Version:
   Company:    Microsoft Corporation
   Product:    Microsoft® DirectX for Windows®
   FileDesc:   Microsoft Common Controller API
   FileVer:    9.18.944.0
   ProdVer:    9.18.944.0

Module 2
D:\Users\Matthew\Documents\GitHub\Cradle\RPG Proto\Builds\Prototype.exe
Image Base: 0x01030000  Image Size: 0x0121c000
File Size:  18148864    File Time:  2017-05-08_133332
Version:
   Company:    
   Product:    
   FileDesc:   
   FileVer:    5.6.1.24755
   ProdVer:    5.6.1.24755

Module 3
D:\Users\Matthew\Documents\GitHub\Cradle\RPG Proto\Builds\Prototype_Data\Mono\mono.dll
Image Base: 0x10000000  Image Size: 0x00231000
File Size:  2115008     File Time:  2017-05-08_134404
Version:
   Company:    Unity Technologies
   Product:    libmono
   FileDesc:   Unity Technologies fork of mono runtime
   FileVer:    1.0.0.1
   ProdVer:    1.0.0.1

Module 4
C:\WINDOWS\SYSTEM32\midimap.dll
Image Base: 0x541f0000  Image Size: 0x00008000
File Size:  18944       File Time:  2017-03-18_215846
Version:
   Company:    Microsoft Corporation
   Product:    Microsoft® Windows® Operating System
   FileDesc:   Microsoft MIDI Mapper
   FileVer:    10.0.15063.0
   ProdVer:    10.0.15063.0

Module 5
C:\WINDOWS\SYSTEM32\msacm32.drv
Image Base: 0x54200000  Image Size: 0x0000a000
File Size:  24576       File Time:  2017-03-18_215846
Version:
   Company:    Microsoft Corporation
   Product:    Microsoft® Windows® Operating System
   FileDesc:   Microsoft Sound Mapper
   FileVer:    10.0.15063.0
   ProdVer:    10.0.15063.0

Module 6
C:\WINDOWS\SYSTEM32\wdmaud.drv
Image Base: 0x54210000  Image Size: 0x00039000
File Size:  209920      File Time:  2017-06-20_053054
Version:
   Company:    Microsoft Corporation
   Product:    Microsoft® Windows® Operating System
   FileDesc:   Winmm  audio system driver
   FileVer:    10.0.15063.447
   ProdVer:    10.0.15063.447

Module 7
C:\Program Files\ASUSTeKcomputer.Inc\SS2\UserInterface\SS2DevProps.dll
Image Base: 0x54970000  Image Size: 0x0003b000
File Size:  210912      File Time:  2015-08-14_101308
Version:
   Company:    
   Product:    
   FileDesc:   
   FileVer:    0.0.0.0
   ProdVer:    0.0.0.0

Module 8
C:\WINDOWS\SYSTEM32\OPENGL32.dll
Image Base: 0x5ba10000  Image Size: 0x000df000
File Size:  776704      File Time:  2017-03-18_215852
Version:
   Company:    Microsoft Corporation
   Product:    Microsoft® Windows® Operating System
   FileDesc:   OpenGL Client DLL
   FileVer:    10.0.15063.0
   ProdVer:    10.0.15063.0

Module 9
C:\WINDOWS\SYSTEM32\GLU32.dll
Image Base: 0x60bc0000  Image Size: 0x00025000
File Size:  138240      File Time:  2017-03-18_215852
Version:
   Company:    Microsoft Corporation
   Product:    Microsoft® Windows® Operating System
   FileDesc:   OpenGL Utility Library DLL
   FileVer:    10.0.15063.0
   ProdVer:    10.0.15063.0

Module 10
C:\WINDOWS\SYSTEM32\ksuser.dll
Image Base: 0x60cc0000  Image Size: 0x00007000
File Size:  20216       File Time:  2017-03-18_215840
Version:
   Company:    Microsoft Corporation
   Product:    Microsoft® Windows® Operating System
   FileDesc:   User CSA Library
   FileVer:    10.0.15063.0
   ProdVer:    10.0.15063.0

Module 11
C:\Program Files\ASUSTeKcomputer.Inc\SS2\UserInterface\SS2OSD.dll
Image Base: 0x60f10000  Image Size: 0x00051000
File Size:  302048      File Time:  2015-08-14_101310
Version:
   Company:    
   Product:    
   FileDesc:   
   FileVer:    0.0.0.0
   ProdVer:    0.0.0.0

Module 12
C:\WINDOWS\SYSTEM32\d3d9.dll
Image Base: 0x65be0000  Image Size: 0x00162000
File Size:  1436952     File Time:  2017-03-18_215902
Version:
   Company:    Microsoft Corporation
   Product:    Microsoft® Windows® Operating System
   FileDesc:   Direct3D 9 Runtime
   FileVer:    10.0.15063.0
   ProdVer:    10.0.15063.0

Module 13
C:\WINDOWS\SYSTEM32\nvoglv32.DLL
Image Base: 0x69280000  Image Size: 0x01b75000
File Size:  28600880    File Time:  2017-04-17_202536
Version:
   Company:    NVIDIA Corporation
   Product:    NVIDIA Compatible OpenGL ICD
   FileDesc:   NVIDIA Compatible OpenGL ICD
   FileVer:    22.21.13.8178
   ProdVer:    22.21.13.8178

Module 14
C:\Program Files (x86)\AVG\Antivirus\aswhookx.dll
Image Base: 0x6b120000  Image Size: 0x0002f000
File Size:  200712      File Time:  2017-09-08_025300
Version:
   Company:    AVG Technologies CZ, s.r.o.
   Product:    AVG
   FileDesc:   Hook Library
   FileVer:    17.6.3.12852
   ProdVer:    17.6.3.12852

Module 15
C:\WINDOWS\SYSTEM32\CoreMessaging.dll
Image Base: 0x6b650000  Image Size: 0x0008f000
File Size:  583160      File Time:  2017-07-28_053318
Version:
   Company:    Microsoft Corporation
   Product:    Microsoft® Windows® Operating System
   FileDesc:   Microsoft CoreMessaging Dll
   FileVer:    10.0.15063.502
   ProdVer:    10.0.15063.502

Module 16
C:\WINDOWS\SYSTEM32\CoreUIComponents.dll
Image Base: 0x6b6e0000  Image Size: 0x00227000
File Size:  2259768     File Time:  2017-07-28_054712
Version:
   Company:    Microsoft Corporation
   Product:    Microsoft® Windows® Operating System
   FileDesc:   Microsoft Core UI Components Dll
   FileVer:    10.0.15063.502
   ProdVer:    10.0.15063.502

Module 17
C:\WINDOWS\SYSTEM32\TextInputFramework.dll
Image Base: 0x6c420000  Image Size: 0x00067000
File Size:  414296      File Time:  2017-07-28_053308
Version:
   Company:    Microsoft Corporation
   Product:    Microsoft® Windows® Operating System
   FileDesc:   "TextInputFramework.DYNLINK"
   FileVer:    10.0.15063.502
   ProdVer:    10.0.15063.502

Module 18
C:\WINDOWS\SYSTEM32\usermgrcli.dll
Image Base: 0x6d770000  Image Size: 0x00010000
File Size:  55872       File Time:  2017-03-18_215850
Version:
   Company:    Microsoft Corporation
   Product:    Microsoft® Windows® Operating System
   FileDesc:   UserMgr API DLL
   FileVer:    10.0.15063.0
   ProdVer:    10.0.15063.0

Module 19
C:\WINDOWS\SYSTEM32\MSACM32.dll
Image Base: 0x6f0c0000  Image Size: 0x00018000
File Size:  90464       File Time:  2017-07-28_053620
Version:
   Company:    Microsoft Corporation
   Product:    Microsoft® Windows® Operating System
   FileDesc:   Microsoft ACM Audio Filter
   FileVer:    10.0.15063.502
   ProdVer:    10.0.15063.502

Module 20
C:\WINDOWS\WinSxS\x86_microsoft.windows.common-controls_6595b64144ccf1df_6.0.15063.483_none_6dad63fefc436da8\comctl32.dll
Image Base: 0x6f0e0000  Image Size: 0x0020e000
File Size:  2139040     File Time:  2017-03-18_215900
Version:
   Company:    Microsoft Corporation
   Product:    Microsoft® Windows® Operating System
   FileDesc:   User Experience Controls Library
   FileVer:    6.10.15063.0
   ProdVer:    10.0.15063.0

Module 21
C:\WINDOWS\system32\wbem\fastprox.dll
Image Base: 0x6f5f0000  Image Size: 0x000c0000
File Size:  770560      File Time:  2017-03-18_215852
Version:
   Company:    Microsoft Corporation
   Product:    Microsoft® Windows® Operating System
   FileDesc:   WMI Custom Marshaller
   FileVer:    10.0.15063.0
   ProdVer:    10.0.15063.0

Module 22
C:\WINDOWS\system32\wbem\wbemsvc.dll
Image Base: 0x6f6f0000  Image Size: 0x00010000
File Size:  48640       File Time:  2017-03-18_215850
Version:
   Company:    Microsoft Corporation
   Product:    Microsoft® Windows® Operating System
   FileDesc:   WMI
   FileVer:    10.0.15063.0
   ProdVer:    10.0.15063.0

Module 23
C:\WINDOWS\SYSTEM32\wbemcomn.dll
Image Base: 0x6f700000  Image Size: 0x00068000
File Size:  399360      File Time:  2017-03-18_215850
Version:
   Company:    Microsoft Corporation
   Product:    Microsoft® Windows® Operating System
   FileDesc:   WMI
   FileVer:    10.0.15063.0
   ProdVer:    10.0.15063.0

Module 24
C:\WINDOWS\SYSTEM32\wintypes.dll
Image Base: 0x6f870000  Image Size: 0x000d1000
File Size:  856416      File Time:  2017-03-18_215850
Version:
   Company:    Microsoft Corporation
   Product:    Microsoft® Windows® Operating System
   FileDesc:   Windows Base Types DLL
   FileVer:    10.0.15063.0
   ProdVer:    10.0.15063.0

Module 25
C:\WINDOWS\SYSTEM32\AUDIOSES.DLL
Image Base: 0x6fe50000  Image Size: 0x000d7000
File Size:  864248      File Time:  2017-07-28_053620
Version:
   Company:    Microsoft Corporation
   Product:    Microsoft® Windows® Operating System
   FileDesc:   Audio Session
   FileVer:    10.0.15063.502
   ProdVer:    10.0.15063.502

Module 26
C:\WINDOWS\system32\wbem\wbemprox.dll
Image Base: 0x70100000  Image Size: 0x0000d000
File Size:  35840       File Time:  2017-03-18_215850
Version:
   Company:    Microsoft Corporation
   Product:    Microsoft® Windows® Operating System
   FileDesc:   WMI
   FileVer:    10.0.15063.0
   ProdVer:    10.0.15063.0

Module 27
C:\WINDOWS\System32\fwpuclnt.dll
Image Base: 0x70270000  Image Size: 0x0004a000
File Size:  285184      File Time:  2017-03-18_215850
Version:
   Company:    Microsoft Corporation
   Product:    Microsoft® Windows® Operating System
   FileDesc:   FWP/IPsec User-Mode API
   FileVer:    10.0.15063.0
   ProdVer:    10.0.15063.0

Module 28
C:\Windows\System32\rasadhlp.dll
Image Base: 0x702c0000  Image Size: 0x00008000
File Size:  12800       File Time:  2017-03-18_215846
Version:
   Company:    Microsoft Corporation
   Product:    Microsoft® Windows® Operating System
   FileDesc:   Remote Access AutoDial Helper
   FileVer:    10.0.15063.0
   ProdVer:    10.0.15063.0

Module 29
C:\WINDOWS\SYSTEM32\nimdnsResponder.dll
Image Base: 0x702f0000  Image Size: 0x0000d000
File Size:  43280       File Time:  2016-05-31_090400
Version:
   Company:    National Instruments Corporation
   Product:    NI_MDNSRESPONDER3_CLIENTLIB
   FileDesc:   National Instruments Zeroconf Library
   FileVer:    215.0.1.49152
   ProdVer:    215.0.1.49152

Module 30
D:\Program Files (x86)\National Instruments\Shared\mDNS Responder\nimdnsNSP.dll
Image Base: 0x70300000  Image Size: 0x00008000
File Size:  26936       File Time:  2016-05-31_090400
Version:
   Company:    National Instruments Corporation
   Product:    NI_MDNSRESPONDER3_NSP
   FileDesc:   National Instruments Zeroconf Namespace Service Provider
   FileVer:    215.0.1.49152
   ProdVer:    215.0.1.49152

Module 31
C:\WINDOWS\SYSTEM32\dhcpcsvc.DLL
Image Base: 0x705b0000  Image Size: 0x00014000
File Size:  62976       File Time:  2017-03-18_215846
Version:
   Company:    Microsoft Corporation
   Product:    Microsoft® Windows® Operating System
   FileDesc:   DHCP Client Service
   FileVer:    10.0.15063.0
   ProdVer:    10.0.15063.0

Module 32
C:\WINDOWS\SYSTEM32\dhcpcsvc6.DLL
Image Base: 0x705d0000  Image Size: 0x00013000
File Size:  57344       File Time:  2017-03-18_215846
Version:
   Company:    Microsoft Corporation
   Product:    Microsoft® Windows® Operating System
   FileDesc:   DHCPv6 Client
   FileVer:    10.0.15063.0
   ProdVer:    10.0.15063.0

Module 33
C:\WINDOWS\SYSTEM32\VCRUNTIME140.dll
Image Base: 0x70620000  Image Size: 0x00014000
File Size:  83792       File Time:  2017-02-16_163930
Version:
   Company:    Microsoft Corporation
   Product:    Microsoft® Visual Studio® 2017
   FileDesc:   Microsoft® C Runtime Library
   FileVer:    14.10.25017.0
   ProdVer:    14.10.25017.0

Module 34
C:\WINDOWS\SYSTEM32\MSWSOCK.dll
Image Base: 0x707f0000  Image Size: 0x0004e000
File Size:  305568      File Time:  2017-03-18_215846
Version:
   Company:    Microsoft Corporation
   Product:    Microsoft® Windows® Operating System
   FileDesc:   Microsoft Windows Sockets 2.0 Service Provider
   FileVer:    10.0.15063.0
   ProdVer:    10.0.15063.0

Module 35
C:\WINDOWS\SYSTEM32\HID.DLL
Image Base: 0x70930000  Image Size: 0x0000a000
File Size:  25600       File Time:  2017-03-18_215850
Version:
   Company:    Microsoft Corporation
   Product:    Microsoft® Windows® Operating System
   FileDesc:   HID User Library
   FileVer:    10.0.15063.0
   ProdVer:    10.0.15063.0

Module 36
C:\WINDOWS\SYSTEM32\WINMMBASE.dll
Image Base: 0x70940000  Image Size: 0x00023000
File Size:  129736      File Time:  2017-03-18_215846
Version:
   Company:    Microsoft Corporation
   Product:    Microsoft® Windows® Operating System
   FileDesc:   Base Multimedia Extension API DLL
   FileVer:    10.0.15063.0
   ProdVer:    10.0.15063.0

Module 37
C:\WINDOWS\System32\MMDevApi.dll
Image Base: 0x70a80000  Image Size: 0x00059000
File Size:  354400      File Time:  2017-06-20_060258
Version:
   Company:    Microsoft Corporation
   Product:    Microsoft® Windows® Operating System
   FileDesc:   MMDevice API
   FileVer:    10.0.15063.447
   ProdVer:    10.0.15063.447

Module 38
C:\WINDOWS\SYSTEM32\WINMM.dll
Image Base: 0x70f40000  Image Size: 0x00024000
File Size:  135440      File Time:  2017-03-18_215846
Version:
   Company:    Microsoft Corporation
   Product:    Microsoft® Windows® Operating System
   FileDesc:   MCI API DLL
   FileVer:    10.0.15063.0
   ProdVer:    10.0.15063.0

Module 39
C:\WINDOWS\system32\rsaenh.dll
Image Base: 0x72bb0000  Image Size: 0x0002f000
File Size:  183448      File Time:  2017-03-18_215848
Version:
   Company:    Microsoft Corporation
   Product:    Microsoft® Windows® Operating System
   FileDesc:   Microsoft Enhanced Cryptographic Provider
   FileVer:    10.0.15063.0
   ProdVer:    10.0.15063.0

Module 40
C:\WINDOWS\SYSTEM32\CRYPTSP.dll
Image Base: 0x72be0000  Image Size: 0x00013000
File Size:  67760       File Time:  2017-03-18_215850
Version:
   Company:    Microsoft Corporation
   Product:    Microsoft® Windows® Operating System
   FileDesc:   Cryptographic Service Provider API
   FileVer:    10.0.15063.0
   ProdVer:    10.0.15063.0

Module 41
C:\WINDOWS\SYSTEM32\dbghelp.dll
Image Base: 0x72ce0000  Image Size: 0x0015d000
File Size:  1285120     File Time:  2017-06-20_053830
Version:
   Company:    Microsoft Corporation
   Product:    Microsoft® Windows® Operating System
   FileDesc:   Windows Image Helper
   FileVer:    10.0.15063.447
   ProdVer:    10.0.15063.447

Module 42
C:\WINDOWS\SYSTEM32\IPHLPAPI.DLL
Image Base: 0x72e40000  Image Size: 0x0002f000
File Size:  187544      File Time:  2017-03-18_215846
Version:
   Company:    Microsoft Corporation
   Product:    Microsoft® Windows® Operating System
   FileDesc:   IP Helper API
   FileVer:    10.0.15063.0
   ProdVer:    10.0.15063.0

Module 43
C:\WINDOWS\SYSTEM32\DNSAPI.dll
Image Base: 0x72e70000  Image Size: 0x0007f000
File Size:  508344      File Time:  2017-03-18_215846
Version:
   Company:    Microsoft Corporation
   Product:    Microsoft® Windows® Operating System
   FileDesc:   DNS Client API DLL
   FileVer:    10.0.15063.0
   ProdVer:    10.0.15063.0

Module 44
C:\WINDOWS\SYSTEM32\WINHTTP.dll
Image Base: 0x72ef0000  Image Size: 0x000ad000
File Size:  703576      File Time:  2017-03-18_215850
Version:
   Company:    Microsoft Corporation
   Product:    Microsoft® Windows® Operating System
   FileDesc:   Windows HTTP Services
   FileVer:    10.0.15063.0
   ProdVer:    10.0.15063.0

Module 45
C:\WINDOWS\SYSTEM32\WINSTA.dll
Image Base: 0x73960000  Image Size: 0x00042000
File Size:  254720      File Time:  2017-03-18_215900
Version:
   Company:    Microsoft Corporation
   Product:    Microsoft® Windows® Operating System
   FileDesc:   Winstation Library
   FileVer:    10.0.15063.0
   ProdVer:    10.0.15063.0

Module 46
C:\WINDOWS\SYSTEM32\WTSAPI32.dll
Image Base: 0x739b0000  Image Size: 0x0000f000
File Size:  53272       File Time:  2017-03-18_215900
Version:
   Company:    Microsoft Corporation
   Product:    Microsoft® Windows® Operating System
   FileDesc:   Windows Remote Desktop Session Host Server SDK APIs
   FileVer:    10.0.15063.0
   ProdVer:    10.0.15063.0

Module 47
C:\WINDOWS\SYSTEM32\AVRT.dll
Image Base: 0x73e40000  Image Size: 0x00009000
File Size:  28992       File Time:  2017-03-18_215840
Version:
   Company:    Microsoft Corporation
   Product:    Microsoft® Windows® Operating System
   FileDesc:   Multimedia Realtime Runtime
   FileVer:    10.0.15063.0
   ProdVer:    10.0.15063.0

Module 48
C:\WINDOWS\system32\dwmapi.dll
Image Base: 0x73e50000  Image Size: 0x00023000
File Size:  125344      File Time:  2017-07-07_075724
Version:
   Company:    Microsoft Corporation
   Product:    Microsoft® Windows® Operating System
   FileDesc:   Microsoft Desktop Window Manager API
   FileVer:    10.0.15063.483
   ProdVer:    10.0.15063.483

Module 49
C:\WINDOWS\System32\PROPSYS.dll
Image Base: 0x74310000  Image Size: 0x00164000
File Size:  1465360     File Time:  2017-03-18_215852
Version:
   Company:    Microsoft Corporation
   Product:    Windows® Search
   FileDesc:   Microsoft Property System
   FileVer:    7.0.15063.0
   ProdVer:    7.0.15063.0

Module 50
C:\WINDOWS\system32\uxtheme.dll
Image Base: 0x74480000  Image Size: 0x00078000
File Size:  474112      File Time:  2017-03-18_215858
Version:
   Company:    Microsoft Corporation
   Product:    Microsoft® Windows® Operating System
   FileDesc:   Microsoft UxTheme Library
   FileVer:    10.0.15063.0
   ProdVer:    10.0.15063.0

Module 51
C:\WINDOWS\System32\DEVOBJ.dll
Image Base: 0x74600000  Image Size: 0x00022000
File Size:  131784      File Time:  2017-03-18_215850
Version:
   Company:    Microsoft Corporation
   Product:    Microsoft® Windows® Operating System
   FileDesc:   Device Information Set DLL
   FileVer:    10.0.15063.0
   ProdVer:    10.0.15063.0

Module 52
C:\WINDOWS\SYSTEM32\ntmarta.dll
Image Base: 0x74630000  Image Size: 0x00028000
File Size:  152440      File Time:  2017-03-18_215852
Version:
   Company:    Microsoft Corporation
   Product:    Microsoft® Windows® Operating System
   FileDesc:   Windows NT MARTA provider
   FileVer:    10.0.15063.0
   ProdVer:    10.0.15063.0

Module 53
C:\WINDOWS\SYSTEM32\bcrypt.dll
Image Base: 0x74660000  Image Size: 0x00018000
File Size:  93536       File Time:  2017-03-18_215848
Version:
   Company:    Microsoft Corporation
   Product:    Microsoft® Windows® Operating System
   FileDesc:   Windows Cryptographic Primitives Library
   FileVer:    10.0.15063.0
   ProdVer:    10.0.15063.0

Module 54
C:\WINDOWS\SYSTEM32\VERSION.dll
Image Base: 0x746f0000  Image Size: 0x00008000
File Size:  27424       File Time:  2017-03-18_215900
Version:
   Company:    Microsoft Corporation
   Product:    Microsoft® Windows® Operating System
   FileDesc:   Version Checking and File Installation Libraries
   FileVer:    10.0.15063.0
   ProdVer:    10.0.15063.0

Module 55
C:\WINDOWS\System32\CRYPTBASE.dll
Image Base: 0x74700000  Image Size: 0x0000a000
File Size:  31592       File Time:  2017-03-18_215846
Version:
   Company:    Microsoft Corporation
   Product:    Microsoft® Windows® Operating System
   FileDesc:   Base cryptographic API DLL
   FileVer:    10.0.15063.0
   ProdVer:    10.0.15063.0

Module 56
C:\WINDOWS\System32\SspiCli.dll
Image Base: 0x74710000  Image Size: 0x00020000
File Size:  124544      File Time:  2017-03-18_215846
Version:
   Company:    Microsoft Corporation
   Product:    Microsoft® Windows® Operating System
   FileDesc:   Security Support Provider Interface
   FileVer:    10.0.15063.0
   ProdVer:    10.0.15063.0

Module 57
C:\WINDOWS\System32\OLEAUT32.dll
Image Base: 0x74730000  Image Size: 0x00096000
File Size:  606960      File Time:  2017-07-09_171010
Version:
   Company:    Microsoft Corporation
   Product:    Microsoft® Windows® Operating System
   FileDesc:   OLEAUT32.DLL
   FileVer:    10.0.15063.332
   ProdVer:    10.0.15063.332

Module 58
C:\WINDOWS\System32\msvcrt.dll
Image Base: 0x747d0000  Image Size: 0x000bd000
File Size:  769608      File Time:  2017-03-18_215846
Version:
   Company:    Microsoft Corporation
   Product:    Microsoft® Windows® Operating System
   FileDesc:   Windows NT CRT DLL
   FileVer:    7.0.15063.0
   ProdVer:    10.0.15063.0

Module 59
C:\WINDOWS\System32\GDI32.dll
Image Base: 0x74890000  Image Size: 0x00021000
File Size:  129184      File Time:  2017-07-07_073126
Version:
   Company:    Microsoft Corporation
   Product:    Microsoft® Windows® Operating System
   FileDesc:   GDI Client DLL
   FileVer:    10.0.15063.483
   ProdVer:    10.0.15063.483

Module 60
C:\WINDOWS\System32\RPCRT4.dll
Image Base: 0x748c0000  Image Size: 0x000c0000
File Size:  787712      File Time:  2017-06-20_061326
Version:
   Company:    Microsoft Corporation
   Product:    Microsoft® Windows® Operating System
   FileDesc:   Remote Procedure Call Runtime
   FileVer:    10.0.15063.447
   ProdVer:    10.0.15063.447

Module 61
C:\WINDOWS\System32\MSASN1.dll
Image Base: 0x74980000  Image Size: 0x0000e000
File Size:  49656       File Time:  2017-06-20_060452
Version:
   Company:    Microsoft Corporation
   Product:    Microsoft® Windows® Operating System
   FileDesc:   ASN.1 Runtime APIs
   FileVer:    10.0.15063.447
   ProdVer:    10.0.15063.447

Module 62
C:\WINDOWS\System32\msvcp_win.dll
Image Base: 0x74990000  Image Size: 0x00079000
File Size:  491232      File Time:  2017-03-18_215846
Version:
   Company:    Microsoft Corporation
   Product:    Microsoft® Windows® Operating System
   FileDesc:   Microsoft® C Runtime Library
   FileVer:    10.0.15063.0
   ProdVer:    10.0.15063.0

Module 63
C:\WINDOWS\System32\kernel.appcore.dll
Image Base: 0x74a10000  Image Size: 0x0000e000
File Size:  47096       File Time:  2017-03-18_215848
Version:
   Company:    Microsoft Corporation
   Product:    Microsoft® Windows® Operating System
   FileDesc:   AppModel API Host
   FileVer:    10.0.15063.0
   ProdVer:    10.0.15063.0

Module 64
C:\WINDOWS\System32\combase.dll
Image Base: 0x74a20000  Image Size: 0x00238000
File Size:  2330520     File Time:  2017-06-20_060440
Version:
   Company:    Microsoft Corporation
   Product:    Microsoft® Windows® Operating System
   FileDesc:   Microsoft COM for Windows
   FileVer:    10.0.15063.447
   ProdVer:    10.0.15063.447

Module 65
C:\WINDOWS\System32\bcryptPrimitives.dll
Image Base: 0x74c60000  Image Size: 0x00057000
File Size:  354360      File Time:  2017-07-09_171010
Version:
   Company:    Microsoft Corporation
   Product:    Microsoft® Windows® Operating System
   FileDesc:   Windows Cryptographic Primitives Library
   FileVer:    10.0.15063.138
   ProdVer:    10.0.15063.138

Module 66
C:\WINDOWS\System32\clbcatq.dll
Image Base: 0x74cd0000  Image Size: 0x00083000
File Size:  521728      File Time:  2017-03-18_215842
Version:
   Company:    Microsoft Corporation
   Product:    Microsoft® Windows® Operating System
   FileDesc:   COM+ Configuration Catalog
   FileVer:    2001.12.10941.16384
   ProdVer:    10.0.15063.0

Module 67
C:\WINDOWS\System32\USER32.dll
Image Base: 0x74d60000  Image Size: 0x0013c000
File Size:  1292872     File Time:  2017-03-18_215902
Version:
   Company:    Microsoft Corporation
   Product:    Microsoft® Windows® Operating System
   FileDesc:   Multi-User Windows USER API Client DLL
   FileVer:    10.0.15063.0
   ProdVer:    10.0.15063.0

Module 68
C:\WINDOWS\System32\powrprof.dll
Image Base: 0x74ea0000  Image Size: 0x00045000
File Size:  276400      File Time:  2017-03-18_215850
Version:
   Company:    Microsoft Corporation
   Product:    Microsoft® Windows® Operating System
   FileDesc:   Power Profile Helper DLL
   FileVer:    10.0.15063.0
   ProdVer:    10.0.15063.0

Module 69
C:\WINDOWS\System32\PSAPI.DLL
Image Base: 0x74ef0000  Image Size: 0x00006000
File Size:  17112       File Time:  2017-03-18_215840
Version:
   Company:    Microsoft Corporation
   Product:    Microsoft® Windows® Operating System
   FileDesc:   Process Status Helper
   FileVer:    10.0.15063.0
   ProdVer:    10.0.15063.0

Module 70
C:\WINDOWS\System32\SHLWAPI.dll
Image Base: 0x74f00000  Image Size: 0x00045000
File Size:  277432      File Time:  2017-07-28_053534
Version:
   Company:    Microsoft Corporation
   Product:    Microsoft® Windows® Operating System
   FileDesc:   Shell Light-weight Utility Library
   FileVer:    10.0.15063.502
   ProdVer:    10.0.15063.502

Module 71
C:\WINDOWS\System32\imagehlp.dll
Image Base: 0x74f50000  Image Size: 0x00019000
File Size:  95584       File Time:  2017-07-09_171012
Version:
   Company:    Microsoft Corporation
   Product:    Microsoft® Windows® Operating System
   FileDesc:   Windows NT Image Helper
   FileVer:    10.0.15063.168
   ProdVer:    10.0.15063.168

Module 72
C:\WINDOWS\System32\IMM32.dll
Image Base: 0x74f70000  Image Size: 0x00025000
File Size:  143672      File Time:  2017-03-18_215902
Version:
   Company:    Microsoft Corporation
   Product:    Microsoft® Windows® Operating System
   FileDesc:   Multi-User Windows IMM32 API Client DLL
   FileVer:    10.0.15063.0
   ProdVer:    10.0.15063.0

Module 73
C:\WINDOWS\System32\CRYPT32.dll
Image Base: 0x74fa0000  Image Size: 0x0017d000
File Size:  1557288     File Time:  2017-07-09_171010
Version:
   Company:    Microsoft Corporation
   Product:    Microsoft® Windows® Operating System
   FileDesc:   Crypto API32
   FileVer:    10.0.15063.296
   ProdVer:    10.0.15063.296

Module 74
C:\WINDOWS\System32\SHELL32.dll
Image Base: 0x75120000  Image Size: 0x01348000
File Size:  20373408    File Time:  2017-07-28_053622
Version:
   Company:    Microsoft Corporation
   Product:    Microsoft® Windows® Operating System
   FileDesc:   Windows Shell Common Dll
   FileVer:    10.0.15063.502
   ProdVer:    10.0.15063.502

Module 75
C:\WINDOWS\System32\WINTRUST.dll
Image Base: 0x76470000  Image Size: 0x00044000
File Size:  276880      File Time:  2017-03-18_215848
Version:
   Company:    Microsoft Corporation
   Product:    Microsoft® Windows® Operating System
   FileDesc:   Microsoft Trust Verification APIs
   FileVer:    10.0.15063.0
   ProdVer:    10.0.15063.0

Module 76
C:\WINDOWS\System32\win32u.dll
Image Base: 0x764c0000  Image Size: 0x00016000
File Size:  81176       File Time:  2017-03-18_215900
Version:
   Company:    Microsoft Corporation
   Product:    Microsoft® Windows® Operating System
   FileDesc:   Win32u
   FileVer:    10.0.15063.0
   ProdVer:    10.0.15063.0

Module 77
C:\WINDOWS\System32\gdi32full.dll
Image Base: 0x764e0000  Image Size: 0x00158000
File Size:  1409048     File Time:  2017-07-09_171010
Version:
   Company:    Microsoft Corporation
   Product:    Microsoft® Windows® Operating System
   FileDesc:   GDI Client DLL
   FileVer:    10.0.15063.413
   ProdVer:    10.0.15063.413

Module 78
C:\WINDOWS\System32\ADVAPI32.dll
Image Base: 0x76640000  Image Size: 0x00077000
File Size:  480920      File Time:  2017-03-18_215840
Version:
   Company:    Microsoft Corporation
   Product:    Microsoft® Windows® Operating System
   FileDesc:   Advanced Windows 32 Base API
   FileVer:    10.0.15063.0
   ProdVer:    10.0.15063.0

Module 79
C:\WINDOWS\System32\windows.storage.dll
Image Base: 0x766c0000  Image Size: 0x00584000
File Size:  5820984     File Time:  2017-07-28_054020
Version:
   Company:    Microsoft Corporation
   Product:    Microsoft® Windows® Operating System
   FileDesc:   Microsoft WinRT Storage API
   FileVer:    10.0.15063.502
   ProdVer:    10.0.15063.502

Module 80
C:\WINDOWS\System32\SETUPAPI.dll
Image Base: 0x76cb0000  Image Size: 0x0041a000
File Size:  4330920     File Time:  2017-03-18_215840
Version:
   Company:    Microsoft Corporation
   Product:    Microsoft® Windows® Operating System
   FileDesc:   Windows Setup API
   FileVer:    10.0.15063.0
   ProdVer:    10.0.15063.0

Module 81
C:\WINDOWS\System32\KERNEL32.DLL
Image Base: 0x77130000  Image Size: 0x000d0000
File Size:  599576      File Time:  2017-07-09_171016
Version:
   Company:    Microsoft Corporation
   Product:    Microsoft® Windows® Operating System
   FileDesc:   Windows NT BASE API Client DLL
   FileVer:    10.0.15063.296
   ProdVer:    10.0.15063.296

Module 82
C:\WINDOWS\System32\ole32.dll
Image Base: 0x77290000  Image Size: 0x000f3000
File Size:  988168      File Time:  2017-07-28_053558
Version:
   Company:    Microsoft Corporation
   Product:    Microsoft® Windows® Operating System
   FileDesc:   Microsoft OLE for Windows
   FileVer:    10.0.15063.502
   ProdVer:    10.0.15063.502

Module 83
C:\WINDOWS\System32\NSI.dll
Image Base: 0x773f0000  Image Size: 0x00007000
File Size:  20216       File Time:  2017-03-18_215736
Version:
   Company:    Microsoft Corporation
   Product:    Microsoft® Windows® Operating System
   FileDesc:   NSI User-mode interface DLL
   FileVer:    10.0.15063.0
   ProdVer:    10.0.15063.0

Module 84
C:\WINDOWS\System32\KERNELBASE.dll
Image Base: 0x77400000  Image Size: 0x001c2000
File Size:  1839872     File Time:  2017-07-28_054822
Version:
   Company:    Microsoft Corporation
   Product:    Microsoft® Windows® Operating System
   FileDesc:   Windows NT BASE API Client DLL
   FileVer:    10.0.15063.502
   ProdVer:    10.0.15063.502

Module 85
C:\WINDOWS\System32\sechost.dll
Image Base: 0x775d0000  Image Size: 0x00041000
File Size:  257792      File Time:  2017-03-18_215846
Version:
   Company:    Microsoft Corporation
   Product:    Microsoft® Windows® Operating System
   FileDesc:   Host for SCM/SDDL/LSA Lookup APIs
   FileVer:    10.0.15063.0
   ProdVer:    10.0.15063.0

Module 86
C:\WINDOWS\System32\shcore.dll
Image Base: 0x77620000  Image Size: 0x0008c000
File Size:  569264      File Time:  2017-03-18_215856
Version:
   Company:    Microsoft Corporation
   Product:    Microsoft® Windows® Operating System
   FileDesc:   SHCORE
   FileVer:    10.0.15063.0
   ProdVer:    10.0.15063.0

Module 87
C:\WINDOWS\System32\WS2_32.dll
Image Base: 0x776b0000  Image Size: 0x00067000
File Size:  415864      File Time:  2017-03-18_215846
Version:
   Company:    Microsoft Corporation
   Product:    Microsoft® Windows® Operating System
   FileDesc:   Windows Socket 2.0 32-Bit DLL
   FileVer:    10.0.15063.0
   ProdVer:    10.0.15063.0

Module 88
C:\WINDOWS\System32\MSCTF.dll
Image Base: 0x77810000  Image Size: 0x00146000
File Size:  1333136     File Time:  2017-07-09_171010
Version:
   Company:    Microsoft Corporation
   Product:    Microsoft® Windows® Operating System
   FileDesc:   MSCTF Server DLL
   FileVer:    10.0.15063.332
   ProdVer:    10.0.15063.332

Module 89
C:\WINDOWS\System32\profapi.dll
Image Base: 0x77960000  Image Size: 0x00010000
File Size:  59456       File Time:  2017-03-18_215846
Version:
   Company:    Microsoft Corporation
   Product:    Microsoft® Windows® Operating System
   FileDesc:   User Profile Basic API
   FileVer:    10.0.15063.0
   ProdVer:    10.0.15063.0

Module 90
C:\WINDOWS\System32\ucrtbase.dll
Image Base: 0x77970000  Image Size: 0x00118000
File Size:  1150784     File Time:  2017-06-20_061500
Version:
   Company:    Microsoft Corporation
   Product:    Microsoft® Windows® Operating System
   FileDesc:   Microsoft® C Runtime Library
   FileVer:    10.0.15063.447
   ProdVer:    10.0.15063.447

Module 91
C:\WINDOWS\System32\cfgmgr32.dll
Image Base: 0x77a90000  Image Size: 0x00039000
File Size:  226816      File Time:  2017-03-18_215850
Version:
   Company:    Microsoft Corporation
   Product:    Microsoft® Windows® Operating System
   FileDesc:   Configuration Manager DLL
   FileVer:    10.0.15063.0
   ProdVer:    10.0.15063.0

Module 92
C:\WINDOWS\SYSTEM32\ntdll.dll
Image Base: 0x77c40000  Image Size: 0x0018e000
File Size:  1620368     File Time:  2017-06-20_061512
Version:
   Company:    Microsoft Corporation
   Product:    Microsoft® Windows® Operating System
   FileDesc:   NT Layer DLL
   FileVer:    10.0.15063.447
   ProdVer:    10.0.15063.447


== [end of error.log] ==
